<?xml version="1.0" encoding="UTF-8" ?>
<testsuite name="TuneBookTest" tests="1" failures="0" errors="0" time="1.406">
  <properties>
[...]
</properties>
  <testcase name="test1" classname="TuneBookTest" time="1.391"></testcase>
  <system-out><![CDATA[[4/4, {AccidentalType.NATURAL, AccidentalType.NATURAL, AccidentalType.NATURAL, AccidentalType.NATURAL, AccidentalType.NATURAL, AccidentalType.NATURAL, AccidentalType.NATURAL}, C, @(L:5, C:1; 38)(l=2), D, @(L:5, C:3; 40)(l=2), E, @(L:5, C:5; 42)(l=2), F, @(L:5, C:7; 44)(l=2), |, G, @(L:6, C:1; 48)(l=2), A, @(L:6, C:3; 50)(l=2), B, @(L:6, C:5; 52)(l=2), C @(L:6, C:7; 54)(l=1), |, D @(L:7, C:1; 57)(l=1), E @(L:7, C:2; 58)(l=1), F @(L:7, C:3; 59)(l=1), G @(L:7, C:4; 60)(l=1), |, A @(L:8, C:1; 63)(l=1), B @(L:8, C:2; 64)(l=1), c @(L:8, C:3; 65)(l=1), d @(L:8, C:4; 66)(l=1), |, e @(L:9, C:1; 69)(l=1), f @(L:9, C:2; 70)(l=1), g @(L:9, C:3; 71)(l=1), a @(L:9, C:4; 72)(l=1), |, b @(L:10, C:1; 75)(l=1), c' @(L:10, C:2; 76)(l=2), d' @(L:10, C:4; 78)(l=2), e' @(L:10, C:6; 80)(l=2), |, f' @(L:11, C:1; 84)(l=2), g' @(L:11, C:3; 86)(l=2), a' @(L:11, C:5; 88)(l=2), b' @(L:11, C:7; 90)(l=2), |]
]]></system-out>
  <system-err><![CDATA[]]></system-err>
</testsuite>
